> Task :gradle:checkKotlinGradlePluginConfigurationErrors SKIPPED
> Task :gradle:compileKotlin UP-TO-DATE
> Task :gradle:compileJava NO-SOURCE
> Task :gradle:compileGroovy NO-SOURCE
> Task :gradle:pluginDescriptors UP-TO-DATE
> Task :gradle:processResources UP-TO-DATE
> Task :gradle:classes UP-TO-DATE
> Task :gradle:jar UP-TO-DATE

> Configure project :app
e: file:///D:/shruti/shruti/android/app/build.gradle.kts:35:43: Unresolved reference: util
e: file:///D:/shruti/shruti/android/app/build.gradle.kts:38:46: Unresolved reference: io
w: file:///D:/shruti/shruti/android/app/build.gradle.kts:40:55: No cast needed
w: file:///D:/shruti/shruti/android/app/build.gradle.kts:41:61: No cast needed
w: file:///D:/shruti/shruti/android/app/build.gradle.kts:43:65: No cast needed

FAILURE: Build failed with an exception.

* Where:
Build file 'D:\shruti\shruti\android\app\build.gradle.kts' line: 35

* What went wrong:
Script compilation errors:

  Line 35:             val keystoreProperties = java.util.Properties()
                                                     ^ Unresolved reference: util

  Line 38:                 keystoreProperties.load(java.io.FileInputStream(keystorePropertiesFile))
                                                        ^ Unresolved reference: io

2 errors

* Try:
> Run with --stacktrace option to get the stack trace.
> Run with --info or --debug option to get more log output.
> Run with --scan to get full insights.
> Get more help at https://help.gradle.org.

BUILD FAILED in 13s
4 actionable tasks: 4 up-to-date
